2025-03-06 22:35:44,335 [Worker-4: Loading available Gradle versions] INFO  o.e.b.c.i.u.g.PublishedGradleVersions - Gradle version information cache is up-to-date. Trying to read.
2025-03-06 22:36:11,783 [Worker-9: Building] INFO  o.e.m.c.i.l.LifecycleMappingFactory - Using org.eclipse.m2e.jdt.JarLifecycleMapping lifecycle mapping for MavenProject: student:Lab5_HistoryTimeline:0.0.1-SNAPSHOT @ C:\Users\inyet\CS260\Lab5_HistoryTimeline\Lab4Jeopardy_Solution\pom.xml.
2025-03-06 22:36:14,820 [Worker-1: Download sources and javadoc] INFO  o.e.m.c.i.e.AbstractTransferListenerAdapter - Downloading https://repo.maven.apache.org/maven2/org/junit/jupiter/junit-jupiter-engine/5.9.3/junit-jupiter-engine-5.9.3-sources.jar
2025-03-06 22:36:14,894 [Worker-1: Download sources and javadoc] INFO  o.e.m.c.i.e.AbstractTransferListenerAdapter - Downloaded https://repo.maven.apache.org/maven2/org/junit/jupiter/junit-jupiter-engine/5.9.3/junit-jupiter-engine-5.9.3-sources.jar
2025-03-06 22:36:14,907 [Worker-1: Download sources and javadoc] INFO  o.e.m.j.internal.DownloadSourcesJob - Downloaded sources for org.junit.jupiter:junit-jupiter-engine:5.9.3
2025-03-06 22:36:16,015 [Worker-9: Building] INFO  o.a.m.s.f.DefaultMavenResourcesFiltering - Copying 2 resources from src\main\resources to target\classes
2025-03-06 22:36:16,029 [Worker-9: Building] INFO  o.a.m.s.f.DefaultMavenResourcesFiltering - skip non existing resourceDirectory C:\Users\inyet\CS260\Lab5_HistoryTimeline\Lab4Jeopardy_Solution\src\test\resources
2025-03-06 22:36:17,927 [Worker-15: Building] INFO  o.a.m.s.f.DefaultMavenResourcesFiltering - Copying 2 resources from src\main\resources to target\classes
2025-03-06 22:36:17,939 [Worker-15: Building] INFO  o.a.m.s.f.DefaultMavenResourcesFiltering - skip non existing resourceDirectory C:\Users\inyet\CS260\Lab5_HistoryTimeline\Lab4Jeopardy_Solution\src\test\resources
2025-03-06 22:36:53,004 [Worker-18: Building] INFO  o.e.m.c.i.l.LifecycleMappingFactory - Using org.eclipse.m2e.jdt.JarLifecycleMapping lifecycle mapping for MavenProject: Inyetp01:Lab5_HistoryTimeline:0.0.1-SNAPSHOT @ C:\Users\inyet\CS260\Lab5_HistoryTimeline\Lab4Jeopardy_Solution\pom.xml.
2025-03-06 22:36:53,209 [Worker-18: Building] INFO  o.a.m.s.f.DefaultMavenResourcesFiltering - Copying 0 resource from src\main\resources to target\classes
2025-03-06 22:36:53,214 [Worker-18: Building] INFO  o.a.m.s.f.DefaultMavenResourcesFiltering - skip non existing resourceDirectory C:\Users\inyet\CS260\Lab5_HistoryTimeline\Lab4Jeopardy_Solution\src\test\resources
2025-03-06 22:37:16,717 [Worker-21: Updating Maven Project] INFO  o.e.m.c.i.p.ProjectConfigurationManager - Update started
2025-03-06 22:37:16,956 [Worker-21: Updating Maven Project] INFO  o.e.m.c.i.l.LifecycleMappingFactory - Using org.eclipse.m2e.jdt.JarLifecycleMapping lifecycle mapping for MavenProject: Inyetp01:Lab5_HistoryTimeline:0.0.1-SNAPSHOT @ C:\Users\inyet\CS260\Lab5_HistoryTimeline\Lab4Jeopardy_Solution\pom.xml.
2025-03-06 22:37:17,258 [Worker-21: Updating Maven Project] INFO  o.e.m.j.i.AbstractJavaProjectConfigurator - Adding source folder /Lab4Jeopardy_Solution/src/main/java
2025-03-06 22:37:17,260 [Worker-21: Updating Maven Project] INFO  o.e.m.j.i.AbstractJavaProjectConfigurator - Adding resource folder /Lab4Jeopardy_Solution/src/main/resources
2025-03-06 22:37:17,261 [Worker-21: Updating Maven Project] INFO  o.e.m.j.i.AbstractJavaProjectConfigurator - Adding source folder /Lab4Jeopardy_Solution/src/test/java
2025-03-06 22:37:17,261 [Worker-21: Updating Maven Project] INFO  o.e.m.j.i.AbstractJavaProjectConfigurator - Adding resource folder /Lab4Jeopardy_Solution/src/test/resources
2025-03-06 22:37:17,357 [Worker-21: Updating Maven Project] INFO  o.e.m.c.i.p.ProjectConfigurationManager - Update completed for 1 poms: local refresh takes 0.00 sec, refresh facades takes 0.00 sec, update config takes 0.00 sec 
2025-03-06 22:37:17,556 [Worker-13: Building] INFO  o.a.m.s.f.DefaultMavenResourcesFiltering - Copying 2 resources from src\main\resources to target\classes
2025-03-06 22:37:17,565 [Worker-13: Building] INFO  o.a.m.s.f.DefaultMavenResourcesFiltering - skip non existing resourceDirectory C:\Users\inyet\CS260\Lab5_HistoryTimeline\Lab4Jeopardy_Solution\src\test\resources
2025-03-06 22:38:13,719 [Worker-10: Building] INFO  o.a.m.s.f.DefaultMavenResourcesFiltering - Copying 2 resources from src\main\resources to target\classes
2025-03-06 22:38:13,722 [Worker-10: Building] INFO  o.a.m.s.f.DefaultMavenResourcesFiltering - skip non existing resourceDirectory C:\Users\inyet\CS260\Lab5_HistoryTimeline\Lab4Jeopardy_Solution\src\test\resources
2025-03-06 22:47:04,482 [Worker-21: Building] INFO  o.a.m.s.f.DefaultMavenResourcesFiltering - Copying 2 resources from src\main\resources to target\classes
2025-03-06 22:47:04,484 [Worker-21: Building] INFO  o.a.m.s.f.DefaultMavenResourcesFiltering - skip non existing resourceDirectory C:\Users\inyet\CS260\Lab5_HistoryTimeline\Lab4Jeopardy_Solution\src\test\resources
2025-03-06 22:47:19,454 [Worker-3: Building] INFO  o.a.m.s.f.DefaultMavenResourcesFiltering - Copying 2 resources from src\main\resources to target\classes
2025-03-06 22:47:19,457 [Worker-3: Building] INFO  o.a.m.s.f.DefaultMavenResourcesFiltering - skip non existing resourceDirectory C:\Users\inyet\CS260\Lab5_HistoryTimeline\Lab4Jeopardy_Solution\src\test\resources
2025-03-06 22:47:50,909 [Worker-3: Building] INFO  o.a.m.s.f.DefaultMavenResourcesFiltering - Copying 2 resources from src\main\resources to target\classes
2025-03-06 22:47:50,912 [Worker-3: Building] INFO  o.a.m.s.f.DefaultMavenResourcesFiltering - skip non existing resourceDirectory C:\Users\inyet\CS260\Lab5_HistoryTimeline\Lab4Jeopardy_Solution\src\test\resources
2025-03-06 22:48:13,333 [Worker-21: Building] INFO  o.a.m.s.f.DefaultMavenResourcesFiltering - Copying 2 resources from src\main\resources to target\classes
2025-03-06 22:48:13,335 [Worker-21: Building] INFO  o.a.m.s.f.DefaultMavenResourcesFiltering - skip non existing resourceDirectory C:\Users\inyet\CS260\Lab5_HistoryTimeline\Lab4Jeopardy_Solution\src\test\resources
2025-03-06 22:48:26,171 [Worker-21: Building] INFO  o.a.m.s.f.DefaultMavenResourcesFiltering - Copying 2 resources from src\main\resources to target\classes
2025-03-06 22:48:26,174 [Worker-21: Building] INFO  o.a.m.s.f.DefaultMavenResourcesFiltering - skip non existing resourceDirectory C:\Users\inyet\CS260\Lab5_HistoryTimeline\Lab4Jeopardy_Solution\src\test\resources
2025-03-06 22:49:00,462 [Worker-21: Building] INFO  o.a.m.s.f.DefaultMavenResourcesFiltering - Copying 2 resources from src\main\resources to target\classes
2025-03-06 22:49:00,464 [Worker-21: Building] INFO  o.a.m.s.f.DefaultMavenResourcesFiltering - skip non existing resourceDirectory C:\Users\inyet\CS260\Lab5_HistoryTimeline\Lab4Jeopardy_Solution\src\test\resources
2025-03-06 22:49:07,868 [Worker-31: Building] INFO  o.a.m.s.f.DefaultMavenResourcesFiltering - Copying 2 resources from src\main\resources to target\classes
2025-03-06 22:49:07,870 [Worker-31: Building] INFO  o.a.m.s.f.DefaultMavenResourcesFiltering - skip non existing resourceDirectory C:\Users\inyet\CS260\Lab5_HistoryTimeline\Lab4Jeopardy_Solution\src\test\resources
2025-03-06 22:49:16,650 [Worker-3: Building] INFO  o.a.m.s.f.DefaultMavenResourcesFiltering - Copying 2 resources from src\main\resources to target\classes
2025-03-06 22:49:16,652 [Worker-3: Building] INFO  o.a.m.s.f.DefaultMavenResourcesFiltering - skip non existing resourceDirectory C:\Users\inyet\CS260\Lab5_HistoryTimeline\Lab4Jeopardy_Solution\src\test\resources
